This file contains any messages produced by compilers while
running configure, to aid debugging if configure makes a mistake.

It was created by RISC-V Proxy Kernel configure 1.0.0, which was
generated by GNU Autoconf 2.69.  Invocation command line was

  $ ../configure --prefix=/home/hackdac20/HACKDAC_2020/toolchain_install/pk_install --host=riscv64-unknown-elf

## --------- ##
## Platform. ##
## --------- ##

hostname = hackdac20-VM
uname -m = x86_64
uname -r = 5.3.0-28-generic
uname -s = Linux
uname -v = #30~18.04.1-Ubuntu SMP Fri Jan 17 06:14:09 UTC 2020

/usr/bin/uname -p = unknown
/bin/uname -X     = unknown

/bin/arch              = unknown
/usr/bin/arch -k       = unknown
/usr/convex/getsysinfo = unknown
/usr/bin/hostinfo      = unknown
/bin/machine           = unknown
/usr/bin/oslevel       = unknown
/bin/universe          = unknown

PATH: /home/hackdac20/bin/verilator/bin
PATH: /home/hackdac20/HACKDAC_2020/toolchain_install/bin
PATH: /home/hackdac20/bin/verilator/bin
PATH: /home/hackdac20/HACKDAC_2020/toolchain_install/bin
PATH: /home/hackdac20/bin
PATH: /usr/local/sbin
PATH: /usr/local/bin
PATH: /usr/sbin
PATH: /usr/bin
PATH: /sbin
PATH: /bin
PATH: /usr/games
PATH: /usr/local/games
PATH: /snap/bin


## ----------- ##
## Core tests. ##
## ----------- ##

configure:1970: checking build system type
configure:1984: result: x86_64-pc-linux-gnu
configure:2004: checking host system type
configure:2017: result: riscv64-unknown-elf
configure:2050: checking for riscv64-unknown-elf-gcc
configure:2066: found /home/hackdac20/HACKDAC_2020/toolchain_install/bin/riscv64-unknown-elf-gcc
configure:2077: result: riscv64-unknown-elf-gcc
configure:2346: checking for C compiler version
configure:2355: riscv64-unknown-elf-gcc --version >&5
riscv64-unknown-elf-gcc (GCC) 9.2.0
Copyright (C) 2019 Free Software Foundation, Inc.
This is free software; see the source for copying conditions.  There is NO
warranty; not even for MERCHANTABILITY or FITNESS FOR A PARTICULAR PURPOSE.

configure:2366: $? = 0
configure:2355: riscv64-unknown-elf-gcc -v >&5
Using built-in specs.
COLLECT_GCC=riscv64-unknown-elf-gcc
COLLECT_LTO_WRAPPER=/home/hackdac20/HACKDAC_2020/toolchain_install/libexec/gcc/riscv64-unknown-elf/9.2.0/lto-wrapper
Target: riscv64-unknown-elf
Configured with: /home/hackdac20/HACKDAC_2020/toolchain_source/riscv-gnu-toolchain/riscv-gcc/configure --target=riscv64-unknown-elf --prefix=/home/hackdac20/HACKDAC_2020/toolchain_install --disable-shared --disable-threads --enable-languages=c,c++ --with-system-zlib --enable-tls --with-newlib --with-sysroot=/home/hackdac20/HACKDAC_2020/toolchain_install/riscv64-unknown-elf --with-native-system-header-dir=/include --disable-libmudflap --disable-libssp --disable-libquadmath --disable-libgomp --disable-nls --disable-tm-clone-registry --src=.././riscv-gcc --disable-multilib --with-abi=lp64d --with-arch=rv64imafdc --with-tune=rocket 'CFLAGS_FOR_TARGET=-Os   -mcmodel=medlow' 'CXXFLAGS_FOR_TARGET=-Os   -mcmodel=medlow'
Thread model: single
gcc version 9.2.0 (GCC) 
configure:2366: $? = 0
configure:2355: riscv64-unknown-elf-gcc -V >&5
riscv64-unknown-elf-gcc: error: unrecognized command line option '-V'
riscv64-unknown-elf-gcc: fatal error: no input files
compilation terminated.
configure:2366: $? = 1
configure:2355: riscv64-unknown-elf-gcc -qversion >&5
riscv64-unknown-elf-gcc: error: unrecognized command line option '-qversion'; did you mean '--version'?
riscv64-unknown-elf-gcc: fatal error: no input files
compilation terminated.
configure:2366: $? = 1
configure:2386: checking whether the C compiler works
configure:2408: riscv64-unknown-elf-gcc    conftest.c  >&5
configure:2412: $? = 0
configure:2460: result: yes
configure:2463: checking for C compiler default output file name
configure:2465: result: a.out
configure:2471: checking for suffix of executables
configure:2478: riscv64-unknown-elf-gcc -o conftest    conftest.c  >&5
configure:2482: $? = 0
configure:2504: result: 
configure:2526: checking whether we are cross compiling
configure:2534: riscv64-unknown-elf-gcc -o conftest    conftest.c  >&5
configure:2538: $? = 0
configure:2545: ./conftest
../configure: line 2547: ./conftest: cannot execute binary file: Exec format error
configure:2549: $? = 126
configure:2564: result: yes
configure:2569: checking for suffix of object files
configure:2591: riscv64-unknown-elf-gcc -c   conftest.c >&5
configure:2595: $? = 0
configure:2616: result: o
configure:2620: checking whether we are using the GNU C compiler
configure:2639: riscv64-unknown-elf-gcc -c   conftest.c >&5
configure:2639: $? = 0
configure:2648: result: yes
configure:2657: checking whether riscv64-unknown-elf-gcc accepts -g
configure:2677: riscv64-unknown-elf-gcc -c -g  conftest.c >&5
configure:2677: $? = 0
configure:2718: result: yes
configure:2735: checking for riscv64-unknown-elf-gcc option to accept ISO C89
configure:2798: riscv64-unknown-elf-gcc  -c -g -O2  conftest.c >&5
configure:2798: $? = 0
configure:2811: result: none needed
configure:2845: checking for riscv64-unknown-elf-g++
configure:2861: found /home/hackdac20/HACKDAC_2020/toolchain_install/bin/riscv64-unknown-elf-g++
configure:2872: result: riscv64-unknown-elf-g++
configure:2943: checking for C++ compiler version
configure:2952: riscv64-unknown-elf-g++ --version >&5
riscv64-unknown-elf-g++ (GCC) 9.2.0
Copyright (C) 2019 Free Software Foundation, Inc.
This is free software; see the source for copying conditions.  There is NO
warranty; not even for MERCHANTABILITY or FITNESS FOR A PARTICULAR PURPOSE.

configure:2963: $? = 0
configure:2952: riscv64-unknown-elf-g++ -v >&5
Using built-in specs.
COLLECT_GCC=riscv64-unknown-elf-g++
COLLECT_LTO_WRAPPER=/home/hackdac20/HACKDAC_2020/toolchain_install/libexec/gcc/riscv64-unknown-elf/9.2.0/lto-wrapper
Target: riscv64-unknown-elf
Configured with: /home/hackdac20/HACKDAC_2020/toolchain_source/riscv-gnu-toolchain/riscv-gcc/configure --target=riscv64-unknown-elf --prefix=/home/hackdac20/HACKDAC_2020/toolchain_install --disable-shared --disable-threads --enable-languages=c,c++ --with-system-zlib --enable-tls --with-newlib --with-sysroot=/home/hackdac20/HACKDAC_2020/toolchain_install/riscv64-unknown-elf --with-native-system-header-dir=/include --disable-libmudflap --disable-libssp --disable-libquadmath --disable-libgomp --disable-nls --disable-tm-clone-registry --src=.././riscv-gcc --disable-multilib --with-abi=lp64d --with-arch=rv64imafdc --with-tune=rocket 'CFLAGS_FOR_TARGET=-Os   -mcmodel=medlow' 'CXXFLAGS_FOR_TARGET=-Os   -mcmodel=medlow'
Thread model: single
gcc version 9.2.0 (GCC) 
configure:2963: $? = 0
configure:2952: riscv64-unknown-elf-g++ -V >&5
riscv64-unknown-elf-g++: error: unrecognized command line option '-V'
riscv64-unknown-elf-g++: fatal error: no input files
compilation terminated.
configure:2963: $? = 1
configure:2952: riscv64-unknown-elf-g++ -qversion >&5
riscv64-unknown-elf-g++: error: unrecognized command line option '-qversion'; did you mean '--version'?
riscv64-unknown-elf-g++: fatal error: no input files
compilation terminated.
configure:2963: $? = 1
configure:2967: checking whether we are using the GNU C++ compiler
configure:2986: riscv64-unknown-elf-g++ -c   conftest.cpp >&5
configure:2986: $? = 0
configure:2995: result: yes
configure:3004: checking whether riscv64-unknown-elf-g++ accepts -g
configure:3024: riscv64-unknown-elf-g++ -c -g  conftest.cpp >&5
configure:3024: $? = 0
configure:3065: result: yes
configure:3091: checking for riscv64-unknown-elf-ar
configure:3107: found /home/hackdac20/HACKDAC_2020/toolchain_install/bin/riscv64-unknown-elf-ar
configure:3118: result: riscv64-unknown-elf-ar
configure:3183: checking for riscv64-unknown-elf-ranlib
configure:3199: found /home/hackdac20/HACKDAC_2020/toolchain_install/bin/riscv64-unknown-elf-ranlib
configure:3210: result: riscv64-unknown-elf-ranlib
configure:3275: checking for riscv64-unknown-elf-readelf
configure:3291: found /home/hackdac20/HACKDAC_2020/toolchain_install/bin/riscv64-unknown-elf-readelf
configure:3302: result: riscv64-unknown-elf-readelf
configure:3367: checking for riscv64-unknown-elf-objcopy
configure:3383: found /home/hackdac20/HACKDAC_2020/toolchain_install/bin/riscv64-unknown-elf-objcopy
configure:3394: result: riscv64-unknown-elf-objcopy
configure:3478: checking for a BSD-compatible install
configure:3546: result: /usr/bin/install -c
configure:3687: checking how to run the C preprocessor
configure:3718: riscv64-unknown-elf-gcc -E  conftest.c
configure:3718: $? = 0
configure:3732: riscv64-unknown-elf-gcc -E  conftest.c
conftest.c:9:10: fatal error: ac_nonexistent.h: No such file or directory
    9 | #include <ac_nonexistent.h>
      |          ^~~~~~~~~~~~~~~~~~
compilation terminated.
configure:3732: $? = 1
configure: failed program was:
| /* confdefs.h */
| #define PACKAGE_NAME "RISC-V Proxy Kernel"
| #define PACKAGE_TARNAME "riscv-pk"
| #define PACKAGE_VERSION "1.0.0"
| #define PACKAGE_STRING "RISC-V Proxy Kernel 1.0.0"
| #define PACKAGE_BUGREPORT "Andrew Waterman"
| #define PACKAGE_URL ""
| /* end confdefs.h.  */
| #include <ac_nonexistent.h>
configure:3757: result: riscv64-unknown-elf-gcc -E
configure:3777: riscv64-unknown-elf-gcc -E  conftest.c
configure:3777: $? = 0
configure:3791: riscv64-unknown-elf-gcc -E  conftest.c
conftest.c:9:10: fatal error: ac_nonexistent.h: No such file or directory
    9 | #include <ac_nonexistent.h>
      |          ^~~~~~~~~~~~~~~~~~
compilation terminated.
configure:3791: $? = 1
configure: failed program was:
| /* confdefs.h */
| #define PACKAGE_NAME "RISC-V Proxy Kernel"
| #define PACKAGE_TARNAME "riscv-pk"
| #define PACKAGE_VERSION "1.0.0"
| #define PACKAGE_STRING "RISC-V Proxy Kernel 1.0.0"
| #define PACKAGE_BUGREPORT "Andrew Waterman"
| #define PACKAGE_URL ""
| /* end confdefs.h.  */
| #include <ac_nonexistent.h>
configure:3820: checking for grep that handles long lines and -e
configure:3878: result: /bin/grep
configure:3883: checking for egrep
configure:3945: result: /bin/grep -E
configure:3950: checking for ANSI C header files
configure:3970: riscv64-unknown-elf-gcc -c -g -O2  conftest.c >&5
configure:3970: $? = 0
configure:4054: result: yes
configure:4192: configuring default subproject : pk
configure:4251: configuring default subproject : bbl
configure:4357: configuring default subproject : softfloat
configure:4402: configuring default subproject : dummy_payload
configure:4447: configuring default subproject : machine
configure:4506: configuring default subproject : util
configure:4660: creating ./config.status

## ---------------------- ##
## Running config.status. ##
## ---------------------- ##

This file was extended by RISC-V Proxy Kernel config.status 1.0.0, which was
generated by GNU Autoconf 2.69.  Invocation command line was

  CONFIG_FILES    = 
  CONFIG_HEADERS  = 
  CONFIG_LINKS    = 
  CONFIG_COMMANDS = 
  $ ./config.status 

on hackdac20-VM

config.status:835: creating pk.mk
config.status:835: creating bbl.mk
config.status:835: creating softfloat.mk
config.status:835: creating dummy_payload.mk
config.status:835: creating machine.mk
config.status:835: creating util.mk
config.status:835: creating Makefile
config.status:835: creating config.h

## ---------------- ##
## Cache variables. ##
## ---------------- ##

ac_cv_build=x86_64-pc-linux-gnu
ac_cv_c_compiler_gnu=yes
ac_cv_cxx_compiler_gnu=yes
ac_cv_env_CCC_set=
ac_cv_env_CCC_value=
ac_cv_env_CC_set=
ac_cv_env_CC_value=
ac_cv_env_CFLAGS_set=
ac_cv_env_CFLAGS_value=
ac_cv_env_CPPFLAGS_set=
ac_cv_env_CPPFLAGS_value=
ac_cv_env_CPP_set=
ac_cv_env_CPP_value=
ac_cv_env_CXXFLAGS_set=
ac_cv_env_CXXFLAGS_value=
ac_cv_env_CXX_set=
ac_cv_env_CXX_value=
ac_cv_env_LDFLAGS_set=
ac_cv_env_LDFLAGS_value=
ac_cv_env_LIBS_set=
ac_cv_env_LIBS_value=
ac_cv_env_RISCV_set=set
ac_cv_env_RISCV_value=/home/hackdac20/HACKDAC_2020/toolchain_install
ac_cv_env_STOW_PREFIX_set=
ac_cv_env_STOW_PREFIX_value=
ac_cv_env_STOW_ROOT_set=
ac_cv_env_STOW_ROOT_value=
ac_cv_env_build_alias_set=
ac_cv_env_build_alias_value=
ac_cv_env_host_alias_set=set
ac_cv_env_host_alias_value=riscv64-unknown-elf
ac_cv_env_target_alias_set=
ac_cv_env_target_alias_value=
ac_cv_header_stdc=yes
ac_cv_host=riscv64-unknown-elf
ac_cv_objext=o
ac_cv_path_EGREP='/bin/grep -E'
ac_cv_path_GREP=/bin/grep
ac_cv_path_install='/usr/bin/install -c'
ac_cv_prog_AR=riscv64-unknown-elf-ar
ac_cv_prog_CC=riscv64-unknown-elf-gcc
ac_cv_prog_CPP='riscv64-unknown-elf-gcc -E'
ac_cv_prog_CXX=riscv64-unknown-elf-g++
ac_cv_prog_OBJCOPY=riscv64-unknown-elf-objcopy
ac_cv_prog_RANLIB=riscv64-unknown-elf-ranlib
ac_cv_prog_READELF=riscv64-unknown-elf-readelf
ac_cv_prog_cc_c89=
ac_cv_prog_cc_g=yes
ac_cv_prog_cxx_g=yes

## ----------------- ##
## Output variables. ##
## ----------------- ##

AR='riscv64-unknown-elf-ar'
BBL_ENABLE_LOGO=''
BBL_LOGO_FILE='riscv_logo.txt'
BBL_PAYLOAD='dummy_payload'
CC='riscv64-unknown-elf-gcc'
CFLAGS='-Wall -Werror -D__NO_INLINE__ -mcmodel=medany -O2 -std=gnu99 -Wno-unused -Wno-attributes -fno-delete-null-pointer-checks -fno-PIE'
CPP='riscv64-unknown-elf-gcc -E'
CPPFLAGS=''
CXX='riscv64-unknown-elf-g++'
CXXFLAGS='-g -O2'
DEFS='-DHAVE_CONFIG_H'
ECHO_C=''
ECHO_N='-n'
ECHO_T=''
EGREP='/bin/grep -E'
EXEEXT=''
GREP='/bin/grep'
INSTALL_DATA='${INSTALL} -m 644'
INSTALL_PROGRAM='${INSTALL}'
INSTALL_SCRIPT='${INSTALL}'
LDFLAGS=' -Wl,--build-id=none'
LIBOBJS=''
LIBS='-lgcc'
LTLIBOBJS=''
MEM_START='0x80000000'
OBJCOPY='riscv64-unknown-elf-objcopy'
OBJEXT='o'
PACKAGE_BUGREPORT='Andrew Waterman'
PACKAGE_NAME='RISC-V Proxy Kernel'
PACKAGE_STRING='RISC-V Proxy Kernel 1.0.0'
PACKAGE_TARNAME='riscv-pk'
PACKAGE_URL=''
PACKAGE_VERSION='1.0.0'
PATH_SEPARATOR=':'
RANLIB='riscv64-unknown-elf-ranlib'
READELF='riscv64-unknown-elf-readelf'
RISCV='/home/hackdac20/HACKDAC_2020/toolchain_install'
SHELL='/bin/bash'
STOW_PREFIX=''
STOW_ROOT=''
WITH_ABI=''
WITH_ARCH=''
ac_ct_CC=''
ac_ct_CXX=''
bindir='${exec_prefix}/bin'
build='x86_64-pc-linux-gnu'
build_alias=''
build_cpu='x86_64'
build_os='linux-gnu'
build_vendor='pc'
datadir='${datarootdir}'
datarootdir='${prefix}/share'
docdir='${datarootdir}/doc/${PACKAGE_TARNAME}'
dvidir='${docdir}'
enable_stow='no'
exec_prefix='${prefix}'
host='riscv64-unknown-elf'
host_alias='riscv64-unknown-elf'
host_cpu='riscv64'
host_os='elf'
host_vendor='unknown'
htmldir='${docdir}'
includedir='${prefix}/include'
infodir='${datarootdir}/info'
libdir='${exec_prefix}/lib'
libexecdir='${exec_prefix}/libexec'
localedir='${datarootdir}/locale'
localstatedir='${prefix}/var'
mandir='${datarootdir}/man'
oldincludedir='/usr/include'
pdfdir='${docdir}'
prefix='/home/hackdac20/HACKDAC_2020/toolchain_install/pk_install'
program_transform_name='s,x,x,'
psdir='${docdir}'
sbindir='${exec_prefix}/sbin'
sharedstatedir='${prefix}/com'
stow=''
subprojects=' pk bbl softfloat dummy_payload machine util'
subprojects_enabled=' pk bbl softfloat dummy_payload machine util'
sysconfdir='${prefix}/etc'
target_alias=''

## ----------- ##
## confdefs.h. ##
## ----------- ##

/* confdefs.h */
#define PACKAGE_NAME "RISC-V Proxy Kernel"
#define PACKAGE_TARNAME "riscv-pk"
#define PACKAGE_VERSION "1.0.0"
#define PACKAGE_STRING "RISC-V Proxy Kernel 1.0.0"
#define PACKAGE_BUGREPORT "Andrew Waterman"
#define PACKAGE_URL ""
#define STDC_HEADERS 1
#define PK_ENABLED /**/
#define PK_ENABLE_VM /**/
#define BBL_ENABLED /**/
#define RELAXED_ALIGNMENT 1
#define SOFTFLOAT_ENABLED /**/
#define DUMMY_PAYLOAD_ENABLED /**/
#define MACHINE_ENABLED /**/
#define PK_ENABLE_FP_EMULATION /**/
#define UTIL_ENABLED /**/

configure: exit 0
